<?xml version="1.0" encoding="UTF-8"?>
<testsuite xmlns:xsi="http://www.w3.org/2001/XMLSchema-instance" xsi:noNamespaceSchemaLocation="https://maven.apache.org/surefire/maven-surefire-plugin/xsd/surefire-test-report-3.0.xsd" version="3.0" name="lab15.sict.must.edu.mn.DivisionTest" time="0.168" tests="2" errors="0" skipped="0" failures="0">
  <properties>
[...]
</properties>
  <testcase name="testDivideByZero" classname="lab15.sict.must.edu.mn.DivisionTest" time="0.054"/>
  <testcase name="testDivideNormal" classname="lab15.sict.must.edu.mn.DivisionTest" time="0.007"/>
</testsuite>